<?xml version="1.0" encoding="UTF-8"?>
<!-- Generated by org.testng.reporters.JUnitReportReporter -->
<testsuite hostname="DESKTOP-DJHI0F8" failures="0" tests="6" name="scripts.homepage_scripts.regression_scenarios.HomepageRegressionScenarios" time="64.270" errors="0" timestamp="2025-11-13T14:00:01 IST" skipped="0">
  <testcase classname="scripts.homepage_scripts.regression_scenarios.HomepageRegressionScenarios" name="openHomepageUsingUrl" time="6.880"/>
  <testcase classname="scripts.homepage_scripts.regression_scenarios.HomepageRegressionScenarios" name="findAllButtonsInHomepage" time="4.685"/>
  <testcase classname="scripts.homepage_scripts.regression_scenarios.HomepageRegressionScenarios" name="clickOnWishListIcon" time="5.327"/>
  <testcase classname="scripts.homepage_scripts.regression_scenarios.HomepageRegressionScenarios" name="clickOneEachProductOneByOne" time="35.980"/>
  <testcase classname="scripts.homepage_scripts.regression_scenarios.HomepageRegressionScenarios" name="clickOnSignInLink" time="5.341"/>
  <testcase classname="scripts.homepage_scripts.regression_scenarios.HomepageRegressionScenarios" name="enterTextIntoSearchField" time="6.057"/>
</testsuite> <!-- scripts.homepage_scripts.regression_scenarios.HomepageRegressionScenarios -->
