<?xml version="1.0" encoding="UTF-8"?>
<testng-results ignored="0" total="6" passed="6" failed="0" skipped="0">
  <reporter-output>
  </reporter-output>
  <suite started-at="2025-11-13T13:58:56 IST" name="Default suite" finished-at="2025-11-13T14:00:01 IST" duration-ms="64734">
    <groups>
    </groups>
    <test started-at="2025-11-13T13:58:56 IST" name="Default test" finished-at="2025-11-13T14:00:01 IST" duration-ms="64734">
      <class name="scripts.homepage_scripts.regression_scenarios.HomepageRegressionScenarios">
        <test-method is-config="true" signature="openApplication()[pri:0, instance:scripts.homepage_scripts.regression_scenarios.HomepageRegressionScenarios@756cf158]" started-at="2025-11-13T13:58:56 IST" name="openApplication" finished-at="2025-11-13T13:59:01 IST" duration-ms="4736" status="PASS">
          <reporter-output>
          </reporter-output>
        </test-method> <!-- openApplication -->
        <test-method signature="openHomepageUsingUrl()[pri:1, instance:scripts.homepage_scripts.regression_scenarios.HomepageRegressionScenarios@756cf158]" started-at="2025-11-13T13:59:01 IST" name="openHomepageUsingUrl" finished-at="2025-11-13T13:59:04 IST" duration-ms="2598" status="PASS">
          <reporter-output>
          </reporter-output>
        </test-method> <!-- openHomepageUsingUrl -->
        <test-method is-config="true" signature="closeApplication()[pri:0, instance:scripts.homepage_scripts.regression_scenarios.HomepageRegressionScenarios@756cf158]" started-at="2025-11-13T13:59:04 IST" name="closeApplication" finished-at="2025-11-13T13:59:04 IST" duration-ms="417" status="PASS">
          <reporter-output>
          </reporter-output>
        </test-method> <!-- closeApplication -->
        <test-method is-config="true" signature="openApplication()[pri:0, instance:scripts.homepage_scripts.regression_scenarios.HomepageRegressionScenarios@756cf158]" started-at="2025-11-13T13:59:04 IST" name="openApplication" finished-at="2025-11-13T13:59:08 IST" duration-ms="3665" status="PASS">
          <reporter-output>
          </reporter-output>
        </test-method> <!-- openApplication -->
        <test-method signature="findAllButtonsInHomepage()[pri:2, instance:scripts.homepage_scripts.regression_scenarios.HomepageRegressionScenarios@756cf158]" started-at="2025-11-13T13:59:08 IST" name="findAllButtonsInHomepage" finished-at="2025-11-13T13:59:08 IST" duration-ms="639" status="PASS">
          <reporter-output>
          </reporter-output>
        </test-method> <!-- findAllButtonsInHomepage -->
        <test-method is-config="true" signature="closeApplication()[pri:0, instance:scripts.homepage_scripts.regression_scenarios.HomepageRegressionScenarios@756cf158]" started-at="2025-11-13T13:59:08 IST" name="closeApplication" finished-at="2025-11-13T13:59:09 IST" duration-ms="309" status="PASS">
          <reporter-output>
          </reporter-output>
        </test-method> <!-- closeApplication -->
        <test-method is-config="true" signature="openApplication()[pri:0, instance:scripts.homepage_scripts.regression_scenarios.HomepageRegressionScenarios@756cf158]" started-at="2025-11-13T13:59:09 IST" name="openApplication" finished-at="2025-11-13T13:59:12 IST" duration-ms="3629" status="PASS">
          <reporter-output>
          </reporter-output>
        </test-method> <!-- openApplication -->
        <test-method signature="clickOnWishListIcon()[pri:3, instance:scripts.homepage_scripts.regression_scenarios.HomepageRegressionScenarios@756cf158]" started-at="2025-11-13T13:59:12 IST" name="clickOnWishListIcon" finished-at="2025-11-13T13:59:14 IST" duration-ms="1403" status="PASS">
          <reporter-output>
          </reporter-output>
        </test-method> <!-- clickOnWishListIcon -->
        <test-method is-config="true" signature="closeApplication()[pri:0, instance:scripts.homepage_scripts.regression_scenarios.HomepageRegressionScenarios@756cf158]" started-at="2025-11-13T13:59:14 IST" name="closeApplication" finished-at="2025-11-13T13:59:14 IST" duration-ms="419" status="PASS">
          <reporter-output>
          </reporter-output>
        </test-method> <!-- closeApplication -->
        <test-method is-config="true" signature="openApplication()[pri:0, instance:scripts.homepage_scripts.regression_scenarios.HomepageRegressionScenarios@756cf158]" started-at="2025-11-13T13:59:14 IST" name="openApplication" finished-at="2025-11-13T13:59:18 IST" duration-ms="3615" status="PASS">
          <reporter-output>
          </reporter-output>
        </test-method> <!-- openApplication -->
        <test-method signature="clickOneEachProductOneByOne()[pri:4, instance:scripts.homepage_scripts.regression_scenarios.HomepageRegressionScenarios@756cf158]" started-at="2025-11-13T13:59:18 IST" name="clickOneEachProductOneByOne" finished-at="2025-11-13T13:59:48 IST" duration-ms="30784" status="PASS">
          <reporter-output>
          </reporter-output>
        </test-method> <!-- clickOneEachProductOneByOne -->
        <test-method is-config="true" signature="closeApplication()[pri:0, instance:scripts.homepage_scripts.regression_scenarios.HomepageRegressionScenarios@756cf158]" started-at="2025-11-13T13:59:48 IST" name="closeApplication" finished-at="2025-11-13T13:59:49 IST" duration-ms="500" status="PASS">
          <reporter-output>
          </reporter-output>
        </test-method> <!-- closeApplication -->
        <test-method is-config="true" signature="openApplication()[pri:0, instance:scripts.homepage_scripts.regression_scenarios.HomepageRegressionScenarios@756cf158]" started-at="2025-11-13T13:59:49 IST" name="openApplication" finished-at="2025-11-13T13:59:53 IST" duration-ms="3805" status="PASS">
          <reporter-output>
          </reporter-output>
        </test-method> <!-- openApplication -->
        <test-method signature="clickOnSignInLink()[pri:5, instance:scripts.homepage_scripts.regression_scenarios.HomepageRegressionScenarios@756cf158]" started-at="2025-11-13T13:59:53 IST" name="clickOnSignInLink" finished-at="2025-11-13T13:59:54 IST" duration-ms="1201" status="PASS">
          <reporter-output>
          </reporter-output>
        </test-method> <!-- clickOnSignInLink -->
        <test-method is-config="true" signature="closeApplication()[pri:0, instance:scripts.homepage_scripts.regression_scenarios.HomepageRegressionScenarios@756cf158]" started-at="2025-11-13T13:59:54 IST" name="closeApplication" finished-at="2025-11-13T13:59:54 IST" duration-ms="460" status="PASS">
          <reporter-output>
          </reporter-output>
        </test-method> <!-- closeApplication -->
        <test-method is-config="true" signature="openApplication()[pri:0, instance:scripts.homepage_scripts.regression_scenarios.HomepageRegressionScenarios@756cf158]" started-at="2025-11-13T13:59:54 IST" name="openApplication" finished-at="2025-11-13T13:59:58 IST" duration-ms="3782" status="PASS">
          <reporter-output>
          </reporter-output>
        </test-method> <!-- openApplication -->
        <test-method signature="enterTextIntoSearchField()[pri:6, instance:scripts.homepage_scripts.regression_scenarios.HomepageRegressionScenarios@756cf158]" started-at="2025-11-13T13:59:58 IST" name="enterTextIntoSearchField" finished-at="2025-11-13T14:00:00 IST" duration-ms="1833" status="PASS">
          <reporter-output>
          </reporter-output>
        </test-method> <!-- enterTextIntoSearchField -->
        <test-method is-config="true" signature="closeApplication()[pri:0, instance:scripts.homepage_scripts.regression_scenarios.HomepageRegressionScenarios@756cf158]" started-at="2025-11-13T14:00:00 IST" name="closeApplication" finished-at="2025-11-13T14:00:01 IST" duration-ms="475" status="PASS">
          <reporter-output>
          </reporter-output>
        </test-method> <!-- closeApplication -->
      </class> <!-- scripts.homepage_scripts.regression_scenarios.HomepageRegressionScenarios -->
    </test> <!-- Default test -->
  </suite> <!-- Default suite -->
</testng-results>
