<?xml version="1.0" encoding="UTF-8"?>
<!-- Generated by org.testng.reporters.JUnitXMLReporter -->
<testsuite ignored="0" hostname="DESKTOP-DJHI0F8" failures="0" tests="6" name="Default test" time="64.734" errors="0" timestamp="2025-11-13T14:00:01 IST">
  <testcase classname="scripts.homepage_scripts.regression_scenarios.HomepageRegressionScenarios" name="openHomepageUsingUrl" time="2.598"/>
  <testcase classname="scripts.homepage_scripts.regression_scenarios.HomepageRegressionScenarios" name="findAllButtonsInHomepage" time="0.639"/>
  <testcase classname="scripts.homepage_scripts.regression_scenarios.HomepageRegressionScenarios" name="clickOnWishListIcon" time="1.403"/>
  <testcase classname="scripts.homepage_scripts.regression_scenarios.HomepageRegressionScenarios" name="clickOneEachProductOneByOne" time="30.784"/>
  <testcase classname="scripts.homepage_scripts.regression_scenarios.HomepageRegressionScenarios" name="clickOnSignInLink" time="1.201"/>
  <testcase classname="scripts.homepage_scripts.regression_scenarios.HomepageRegressionScenarios" name="enterTextIntoSearchField" time="1.833"/>
</testsuite> <!-- Default test -->
